TN:
SF:/Users/jacintannadi/Documents/iReporter-react/src/App.jsx
FN:10,(anonymous_0)
FNF:1
FNH:1
FNDA:1,(anonymous_0)
DA:10,1
DA:11,1
LF:2
LH:2
BRF:0
BRH:0
end_of_record
TN:
SF:/Users/jacintannadi/Documents/iReporter-react/src/index.js
FNF:0
FNH:0
DA:8,0
LF:1
LH:0
BRF:0
BRH:0
end_of_record
TN:
SF:/Users/jacintannadi/Documents/iReporter-react/src/router.js
FN:14,(anonymous_0)
FNF:1
FNH:0
FNDA:0,(anonymous_0)
DA:14,1
DA:15,0
LF:2
LH:1
BRF:0
BRH:0
end_of_record
TN:
SF:/Users/jacintannadi/Documents/iReporter-react/src/actions/actionsTypes.js
FNF:0
FNH:0
DA:2,13
DA:3,13
DA:4,13
DA:5,13
DA:6,13
DA:7,13
DA:8,13
DA:9,13
DA:10,13
DA:11,13
DA:12,13
DA:13,13
DA:14,13
DA:15,13
DA:16,13
DA:17,13
DA:18,13
DA:19,13
LF:18
LH:18
BRF:0
BRH:0
end_of_record
TN:
SF:/Users/jacintannadi/Documents/iReporter-react/src/components/Admin/Admin.jsx
FN:10,(anonymous_0)
FN:14,(anonymous_1)
FN:20,(anonymous_2)
FN:98,(anonymous_3)
FN:159,(anonymous_4)
FNF:5
FNH:5
FNDA:2,(anonymous_0)
FNDA:2,(anonymous_1)
FNDA:2,(anonymous_2)
FNDA:1,(anonymous_3)
FNDA:2,(anonymous_4)
DA:11,2
DA:15,2
DA:17,2
DA:21,2
DA:22,2
DA:23,1
DA:25,1
DA:99,1
DA:159,2
DA:164,2
LF:10
LH:10
BRDA:22,0,0,1
BRDA:22,0,1,1
BRF:2
BRH:2
end_of_record
TN:
SF:/Users/jacintannadi/Documents/iReporter-react/src/components/Comment/Comment.jsx
FN:6,(anonymous_0)
FN:10,(anonymous_1)
FNF:2
FNH:2
FNDA:3,(anonymous_0)
FNDA:4,(anonymous_1)
DA:7,3
DA:11,4
DA:13,4
LF:3
LH:3
BRF:0
BRH:0
end_of_record
TN:
SF:/Users/jacintannadi/Documents/iReporter-react/src/components/Footer/footer.jsx
FN:4,(anonymous_0)
FNF:1
FNH:1
FNDA:1,(anonymous_0)
DA:4,2
DA:5,1
LF:2
LH:2
BRF:0
BRH:0
end_of_record
TN:
SF:/Users/jacintannadi/Documents/iReporter-react/src/components/Header/header.jsx
FN:6,(anonymous_0)
FNF:1
FNH:1
FNDA:1,(anonymous_0)
DA:6,2
DA:7,1
LF:2
LH:2
BRF:0
BRH:0
end_of_record
TN:
SF:/Users/jacintannadi/Documents/iReporter-react/src/components/Home/home.jsx
FN:6,(anonymous_0)
FNF:1
FNH:1
FNDA:1,(anonymous_0)
DA:6,2
DA:7,1
LF:2
LH:2
BRF:0
BRH:0
end_of_record
TN:
SF:/Users/jacintannadi/Documents/iReporter-react/src/components/Intervention/Intervention.jsx
FN:11,(anonymous_0)
FN:15,(anonymous_1)
FN:22,(anonymous_2)
FN:31,(anonymous_3)
FN:64,(anonymous_4)
FNF:5
FNH:5
FNDA:1,(anonymous_0)
FNDA:1,(anonymous_1)
FNDA:1,(anonymous_2)
FNDA:1,(anonymous_3)
FNDA:1,(anonymous_4)
DA:12,1
DA:16,1
DA:17,1
DA:23,1
DA:24,1
DA:32,1
DA:59,2
DA:64,2
DA:69,2
LF:9
LH:9
BRDA:27,0,0,0
BRDA:27,0,1,1
BRDA:31,1,0,1
BRDA:31,1,1,1
BRDA:41,2,0,0
BRDA:41,2,1,1
BRF:6
BRH:4
end_of_record
TN:
SF:/Users/jacintannadi/Documents/iReporter-react/src/components/Loader/Loader.jsx
FN:4,(anonymous_0)
FNF:1
FNH:1
FNDA:6,(anonymous_0)
DA:4,9
DA:5,6
LF:2
LH:2
BRF:0
BRH:0
end_of_record
TN:
SF:/Users/jacintannadi/Documents/iReporter-react/src/components/Login/login.jsx
FN:14,(anonymous_0)
FN:27,(anonymous_1)
FN:32,(anonymous_2)
FN:43,(anonymous_3)
FN:55,(anonymous_4)
FN:57,(anonymous_5)
FN:62,(anonymous_6)
FN:101,(anonymous_7)
FNF:8
FNH:7
FNDA:5,(anonymous_0)
FNDA:2,(anonymous_1)
FNDA:6,(anonymous_2)
FNDA:2,(anonymous_3)
FNDA:20,(anonymous_4)
FNDA:1,(anonymous_5)
FNDA:1,(anonymous_6)
FNDA:0,(anonymous_7)
DA:15,5
DA:17,5
DA:28,2
DA:29,2
DA:33,6
DA:34,6
DA:35,6
DA:44,2
DA:45,2
DA:46,2
DA:47,1
DA:49,1
DA:51,2
DA:56,20
DA:57,1
DA:62,1
DA:97,2
DA:101,2
DA:106,2
LF:19
LH:19
BRDA:44,0,0,2
BRDA:44,0,1,0
BRDA:46,1,0,1
BRDA:46,1,1,1
BRDA:80,2,0,1
BRDA:80,2,1,19
BRF:6
BRH:5
end_of_record
TN:
SF:/Users/jacintannadi/Documents/iReporter-react/src/components/Notification/Notification.jsx
FN:5,(anonymous_0)
FN:13,(anonymous_1)
FNF:2
FNH:2
FNDA:13,(anonymous_0)
FNDA:13,(anonymous_1)
DA:5,5
DA:6,13
DA:13,13
LF:3
LH:3
BRDA:8,0,0,1
BRDA:8,0,1,12
BRF:2
BRH:2
end_of_record
TN:
SF:/Users/jacintannadi/Documents/iReporter-react/src/components/Profile/Profile.jsx
FN:12,(anonymous_0)
FN:19,(anonymous_1)
FN:103,(anonymous_2)
FN:126,(anonymous_3)
FNF:4
FNH:4
FNDA:2,(anonymous_0)
FNDA:2,(anonymous_1)
FNDA:1,(anonymous_2)
FNDA:2,(anonymous_3)
DA:13,2
DA:15,2
DA:26,2
DA:27,2
DA:28,1
DA:31,1
DA:104,1
DA:126,2
DA:131,2
LF:9
LH:9
BRDA:27,0,0,1
BRDA:27,0,1,1
BRF:2
BRH:2
end_of_record
TN:
SF:/Users/jacintannadi/Documents/iReporter-react/src/components/RedFlag/RedFlag.jsx
FN:11,(anonymous_0)
FN:15,(anonymous_1)
FN:21,(anonymous_2)
FN:30,(anonymous_3)
FN:63,(anonymous_4)
FNF:5
FNH:5
FNDA:1,(anonymous_0)
FNDA:1,(anonymous_1)
FNDA:1,(anonymous_2)
FNDA:1,(anonymous_3)
FNDA:1,(anonymous_4)
DA:12,1
DA:16,1
DA:17,1
DA:22,1
DA:23,1
DA:31,1
DA:58,2
DA:63,2
DA:68,2
LF:9
LH:9
BRDA:26,0,0,0
BRDA:26,0,1,1
BRDA:30,1,0,1
BRDA:30,1,1,1
BRDA:40,2,0,0
BRDA:40,2,1,1
BRF:6
BRH:4
end_of_record
TN:
SF:/Users/jacintannadi/Documents/iReporter-react/src/components/Report/report.jsx
FN:13,(anonymous_0)
FN:23,(anonymous_1)
FN:30,(anonymous_2)
FN:32,(anonymous_3)
FN:33,(anonymous_4)
FN:41,(anonymous_5)
FN:46,(anonymous_6)
FN:50,(anonymous_7)
FN:55,(anonymous_8)
FN:73,(anonymous_9)
FN:81,(anonymous_10)
FN:90,(anonymous_11)
FN:94,(anonymous_12)
FN:112,(anonymous_13)
FN:133,(anonymous_14)
FN:163,(anonymous_15)
FNF:16
FNH:0
FNDA:0,(anonymous_0)
FNDA:0,(anonymous_1)
FNDA:0,(anonymous_2)
FNDA:0,(anonymous_3)
FNDA:0,(anonymous_4)
FNDA:0,(anonymous_5)
FNDA:0,(anonymous_6)
FNDA:0,(anonymous_7)
FNDA:0,(anonymous_8)
FNDA:0,(anonymous_9)
FNDA:0,(anonymous_10)
FNDA:0,(anonymous_11)
FNDA:0,(anonymous_12)
FNDA:0,(anonymous_13)
FNDA:0,(anonymous_14)
FNDA:0,(anonymous_15)
DA:14,0
DA:16,0
DA:24,0
DA:26,0
DA:27,0
DA:30,0
DA:31,0
DA:32,0
DA:33,0
DA:37,0
DA:42,0
DA:47,0
DA:51,0
DA:52,0
DA:56,0
DA:57,0
DA:59,0
DA:74,0
DA:75,0
DA:76,0
DA:77,0
DA:79,0
DA:82,0
DA:83,0
DA:84,0
DA:85,0
DA:86,0
DA:87,0
DA:91,0
DA:94,0
DA:112,0
DA:133,0
DA:163,1
DA:168,1
LF:34
LH:2
BRDA:26,0,0,0
BRDA:26,0,1,0
BRDA:75,1,0,0
BRDA:75,1,1,0
BRDA:76,2,0,0
BRDA:76,2,1,0
BRDA:77,3,0,0
BRDA:77,3,1,0
BRDA:149,4,0,0
BRDA:149,4,1,0
BRF:10
BRH:0
end_of_record
TN:
SF:/Users/jacintannadi/Documents/iReporter-react/src/components/SignUp/Signup.jsx
FN:14,(anonymous_0)
FN:31,(anonymous_1)
FN:37,(anonymous_2)
FN:49,(anonymous_3)
FN:56,(anonymous_4)
FN:58,(anonymous_5)
FN:62,(anonymous_6)
FN:66,(anonymous_7)
FN:70,(anonymous_8)
FN:74,(anonymous_9)
FN:78,(anonymous_10)
FN:82,(anonymous_11)
FN:86,(anonymous_12)
FN:116,(anonymous_13)
FNF:14
FNH:13
FNDA:4,(anonymous_0)
FNDA:1,(anonymous_1)
FNDA:5,(anonymous_2)
FNDA:1,(anonymous_3)
FNDA:20,(anonymous_4)
FNDA:1,(anonymous_5)
FNDA:1,(anonymous_6)
FNDA:1,(anonymous_7)
FNDA:1,(anonymous_8)
FNDA:1,(anonymous_9)
FNDA:1,(anonymous_10)
FNDA:1,(anonymous_11)
FNDA:1,(anonymous_12)
FNDA:0,(anonymous_13)
DA:15,4
DA:17,4
DA:32,1
DA:33,1
DA:38,5
DA:39,5
DA:41,5
DA:50,1
DA:51,1
DA:52,1
DA:57,20
DA:58,1
DA:62,1
DA:66,1
DA:70,1
DA:74,1
DA:78,1
DA:82,1
DA:86,1
DA:111,2
DA:116,2
DA:120,2
LF:22
LH:22
BRDA:50,0,0,1
BRDA:50,0,1,0
BRDA:94,1,0,1
BRDA:94,1,1,19
BRF:4
BRH:3
end_of_record
TN:
SF:/Users/jacintannadi/Documents/iReporter-react/src/components/SingleRecord/singleRecord.jsx
FN:15,(anonymous_0)
FN:25,(anonymous_1)
FN:37,(anonymous_2)
FN:42,(anonymous_3)
FN:49,(anonymous_4)
FN:54,(anonymous_5)
FN:61,(anonymous_6)
FN:61,(anonymous_7)
FN:65,(anonymous_8)
FN:65,(anonymous_9)
FN:70,(anonymous_10)
FN:94,(anonymous_11)
FN:100,(anonymous_12)
FN:207,(anonymous_13)
FN:213,(anonymous_14)
FN:214,(anonymous_15)
FN:215,(anonymous_16)
FN:216,(anonymous_17)
FNF:18
FNH:13
FNDA:8,(anonymous_0)
FNDA:8,(anonymous_1)
FNDA:14,(anonymous_2)
FNDA:12,(anonymous_3)
FNDA:14,(anonymous_4)
FNDA:13,(anonymous_5)
FNDA:5,(anonymous_6)
FNDA:5,(anonymous_7)
FNDA:1,(anonymous_8)
FNDA:1,(anonymous_9)
FNDA:6,(anonymous_10)
FNDA:1,(anonymous_11)
FNDA:15,(anonymous_12)
FNDA:0,(anonymous_13)
FNDA:0,(anonymous_14)
FNDA:0,(anonymous_15)
FNDA:0,(anonymous_16)
FNDA:0,(anonymous_17)
DA:16,8
DA:18,8
DA:32,8
DA:34,8
DA:38,14
DA:39,2
DA:41,12
DA:43,12
DA:46,12
DA:50,14
DA:51,1
DA:53,13
DA:55,13
DA:58,13
DA:61,5
DA:65,1
DA:71,6
DA:74,6
DA:75,6
DA:77,6
DA:79,1
DA:80,1
DA:82,1
DA:83,1
DA:84,1
DA:86,1
DA:87,1
DA:88,1
DA:90,3
DA:95,1
DA:101,15
DA:102,15
DA:104,15
DA:105,1
DA:108,14
DA:202,2
DA:207,2
DA:213,2
DA:214,0
DA:215,0
DA:216,0
DA:220,2
LF:42
LH:39
BRDA:37,0,0,0
BRDA:38,1,0,2
BRDA:38,1,1,12
BRDA:49,2,0,0
BRDA:50,3,0,1
BRDA:50,3,1,13
BRDA:77,4,0,1
BRDA:77,4,1,1
BRDA:77,4,2,1
BRDA:77,4,3,3
BRDA:104,5,0,1
BRDA:104,5,1,14
BRDA:120,6,0,14
BRDA:120,6,1,10
BRDA:127,7,0,14
BRDA:127,7,1,14
BRDA:144,8,0,14
BRDA:144,8,1,4
BRDA:175,9,0,14
BRDA:175,9,1,14
BRDA:181,10,0,14
BRDA:181,10,1,1
BRF:22
BRH:20
end_of_record
TN:
SF:/Users/jacintannadi/Documents/iReporter-react/src/containers/404Page/notFound.jsx
FN:5,(anonymous_0)
FNF:1
FNH:1
FNDA:1,(anonymous_0)
DA:5,2
DA:6,1
LF:2
LH:2
BRF:0
BRH:0
end_of_record
TN:
SF:/Users/jacintannadi/Documents/iReporter-react/src/helpers/store.js
FNF:0
FNH:0
LF:0
LH:0
BRF:0
BRH:0
end_of_record
TN:
SF:/Users/jacintannadi/Documents/iReporter-react/src/helpers/validation.js
FNF:0
FNH:0
DA:3,3
DA:31,3
LF:2
LH:2
BRF:0
BRH:0
end_of_record
TN:
SF:/Users/jacintannadi/Documents/iReporter-react/src/reducers/authReducers.js
FN:17,(anonymous_0)
FNF:1
FNH:1
FNDA:7,(anonymous_0)
DA:8,2
DA:9,2
DA:11,2
DA:17,2
DA:18,7
DA:21,1
DA:27,1
DA:33,1
DA:38,4
LF:9
LH:9
BRDA:17,0,0,7
BRDA:18,1,0,1
BRDA:18,1,1,1
BRDA:18,1,2,1
BRDA:18,1,3,1
BRDA:18,1,4,1
BRDA:18,1,5,1
BRDA:18,1,6,4
BRF:8
BRH:8
end_of_record
TN:
SF:/Users/jacintannadi/Documents/iReporter-react/src/reducers/index.js
FNF:0
FNH:0
DA:6,1
LF:1
LH:1
BRF:0
BRH:0
end_of_record
TN:
SF:/Users/jacintannadi/Documents/iReporter-react/src/reducers/notifyReducer.js
FN:9,(anonymous_0)
FNF:1
FNH:1
FNDA:6,(anonymous_0)
DA:3,2
DA:9,2
DA:10,6
DA:12,1
DA:20,1
DA:28,4
LF:6
LH:6
BRDA:9,0,0,6
BRDA:10,1,0,1
BRDA:10,1,1,1
BRDA:10,1,2,4
BRF:4
BRH:4
end_of_record
TN:
SF:/Users/jacintannadi/Documents/iReporter-react/src/reducers/recordReducer.js
FN:16,(anonymous_0)
FNF:1
FNH:1
FNDA:9,(anonymous_0)
DA:6,2
DA:16,2
DA:17,9
DA:19,1
DA:24,1
DA:31,1
DA:36,1
DA:41,1
DA:46,4
LF:9
LH:9
BRDA:16,0,0,9
BRDA:17,1,0,1
BRDA:17,1,1,1
BRDA:17,1,2,1
BRDA:17,1,3,1
BRDA:17,1,4,1
BRDA:17,1,5,1
BRDA:17,1,6,1
BRDA:17,1,7,1
BRDA:17,1,8,4
BRF:10
BRH:10
end_of_record
TN:
SF:/Users/jacintannadi/Documents/iReporter-react/src/services/index.js
FNF:0
FNH:0
LF:0
LH:0
BRF:0
BRH:0
end_of_record
TN:
SF:/Users/jacintannadi/Documents/iReporter-react/src/services/notificationServices.js
FN:3,(anonymous_0)
FN:3,(anonymous_1)
FN:9,(anonymous_2)
FN:9,(anonymous_3)
FNF:4
FNH:2
FNDA:1,(anonymous_0)
FNDA:1,(anonymous_1)
FNDA:0,(anonymous_2)
FNDA:0,(anonymous_3)
DA:3,9
DA:4,1
DA:9,9
DA:10,0
LF:4
LH:3
BRF:0
BRH:0
end_of_record
TN:
SF:/Users/jacintannadi/Documents/iReporter-react/src/services/userServices.js
FN:12,(anonymous_0)
FN:12,(anonymous_1)
FN:35,(anonymous_2)
FN:35,(anonymous_3)
FN:58,(anonymous_4)
FN:58,(anonymous_5)
FN:81,(anonymous_6)
FN:81,(anonymous_7)
FN:104,(anonymous_8)
FN:104,(anonymous_9)
FN:135,(anonymous_10)
FN:135,(anonymous_11)
FN:168,(anonymous_12)
FN:168,(anonymous_13)
FN:196,(anonymous_14)
FN:196,(anonymous_15)
FN:204,(anonymous_16)
FN:210,(anonymous_17)
FN:223,(anonymous_18)
FN:223,(anonymous_19)
FN:233,(anonymous_20)
FN:239,(anonymous_21)
FN:244,(anonymous_22)
FN:245,(anonymous_23)
FN:246,(anonymous_24)
FN:247,(anonymous_25)
FN:248,(anonymous_26)
FN:249,(anonymous_27)
FN:250,(anonymous_28)
FN:251,(anonymous_29)
FN:260,(anonymous_30)
FN:260,(anonymous_31)
FN:284,(anonymous_32)
FN:293,(anonymous_33)
FNF:34
FNH:10
FNDA:1,(anonymous_0)
FNDA:1,(anonymous_1)
FNDA:0,(anonymous_2)
FNDA:0,(anonymous_3)
FNDA:1,(anonymous_4)
FNDA:1,(anonymous_5)
FNDA:1,(anonymous_6)
FNDA:1,(anonymous_7)
FNDA:0,(anonymous_8)
FNDA:0,(anonymous_9)
FNDA:0,(anonymous_10)
FNDA:0,(anonymous_11)
FNDA:0,(anonymous_12)
FNDA:0,(anonymous_13)
FNDA:2,(anonymous_14)
FNDA:2,(anonymous_15)
FNDA:0,(anonymous_16)
FNDA:0,(anonymous_17)
FNDA:2,(anonymous_18)
FNDA:2,(anonymous_19)
FNDA:0,(anonymous_20)
FNDA:0,(anonymous_21)
FNDA:0,(anonymous_22)
FNDA:0,(anonymous_23)
FNDA:0,(anonymous_24)
FNDA:0,(anonymous_25)
FNDA:0,(anonymous_26)
FNDA:0,(anonymous_27)
FNDA:0,(anonymous_28)
FNDA:0,(anonymous_29)
FNDA:0,(anonymous_30)
FNDA:0,(anonymous_31)
FNDA:0,(anonymous_32)
FNDA:0,(anonymous_33)
DA:9,9
DA:12,9
DA:13,1
DA:14,1
DA:15,1
DA:17,1
DA:19,1
DA:24,0
DA:26,1
DA:27,1
DA:35,9
DA:37,0
DA:38,0
DA:39,0
DA:41,0
DA:43,0
DA:48,0
DA:50,0
DA:51,0
DA:58,9
DA:60,1
DA:61,1
DA:62,1
DA:63,0
DA:66,0
DA:67,0
DA:69,0
DA:74,0
DA:75,0
DA:77,1
DA:81,9
DA:83,1
DA:84,1
DA:85,1
DA:86,0
DA:89,0
DA:90,0
DA:92,0
DA:97,0
DA:98,0
DA:100,1
DA:104,9
DA:107,0
DA:108,0
DA:109,0
DA:110,0
DA:112,0
DA:113,0
DA:114,0
DA:116,0
DA:117,0
DA:120,0
DA:122,0
DA:127,0
DA:128,0
DA:130,0
DA:135,9
DA:137,0
DA:138,0
DA:140,0
DA:141,0
DA:144,0
DA:145,0
DA:147,0
DA:148,0
DA:152,0
DA:154,0
DA:159,0
DA:161,0
DA:168,9
DA:169,0
DA:172,0
DA:173,0
DA:175,0
DA:176,0
DA:177,0
DA:178,0
DA:181,0
DA:183,0
DA:184,0
DA:189,0
DA:191,0
DA:196,9
DA:197,2
DA:202,2
DA:203,2
DA:204,0
DA:207,0
DA:208,0
DA:209,0
DA:210,0
DA:212,0
DA:217,0
DA:219,2
DA:223,9
DA:224,2
DA:225,0
DA:231,0
DA:232,0
DA:233,0
DA:236,0
DA:237,0
DA:238,0
DA:239,0
DA:241,0
DA:244,0
DA:245,0
DA:246,0
DA:247,0
DA:248,0
DA:249,0
DA:250,0
DA:251,0
DA:254,0
DA:256,0
DA:260,9
DA:263,0
DA:264,0
DA:266,0
DA:267,0
DA:270,0
DA:271,0
DA:272,0
DA:275,0
DA:276,0
DA:279,0
DA:280,0
DA:281,0
DA:282,0
DA:283,0
DA:285,0
DA:288,0
DA:289,0
DA:290,0
DA:291,0
DA:292,0
DA:294,0
DA:298,0
DA:299,0
DA:303,0
DA:308,0
DA:309,0
DA:312,0
LF:143
LH:31
BRDA:107,0,0,0
BRDA:107,0,1,0
BRDA:109,1,0,0
BRDA:109,1,1,0
BRDA:137,2,0,0
BRDA:137,2,1,0
BRDA:140,3,0,0
BRDA:140,3,1,0
BRDA:172,4,0,0
BRDA:172,4,1,0
BRDA:176,5,0,0
BRDA:176,5,1,0
BRDA:244,6,0,0
BRDA:244,6,1,0
BRDA:245,7,0,0
BRDA:245,7,1,0
BRDA:246,8,0,0
BRDA:246,8,1,0
BRDA:247,9,0,0
BRDA:247,9,1,0
BRDA:248,10,0,0
BRDA:248,10,1,0
BRDA:249,11,0,0
BRDA:249,11,1,0
BRDA:250,12,0,0
BRDA:250,12,1,0
BRDA:251,13,0,0
BRDA:251,13,1,0
BRDA:263,14,0,0
BRDA:263,14,1,0
BRDA:266,15,0,0
BRDA:266,15,1,0
BRDA:279,16,0,0
BRDA:279,16,1,0
BRDA:288,17,0,0
BRDA:288,17,1,0
BRF:36
BRH:0
end_of_record
